2025-03-11 11:46:06,440 - INFO: Loaded 92 ticker metrics
2025-03-11 11:46:07,210 - INFO: Visualizations generated successfully
2025-03-11 11:46:07,214 - ERROR: Error in advanced financial analysis: Column 'EPS' has dtype object, cannot use method 'nlargest' with this dtype
2025-03-11 11:49:43,383 - INFO: Loaded 92 ticker metrics
2025-03-11 11:49:43,779 - INFO: Visualizations generated successfully
2025-03-11 11:49:56,774 - INFO: Advanced financial analysis generated successfully
2025-03-11 11:55:48,098 - INFO: Loaded 92 ticker metrics
2025-03-11 11:55:48,720 - INFO: Visualizations generated successfully
2025-03-11 11:56:18,014 - INFO: Advanced financial analysis generated successfully
2025-03-11 13:54:42,825 - INFO: Loaded 92 ticker metrics
2025-03-11 13:54:43,370 - ERROR: Error generating visualizations: float() argument must be a string or a number, not 'NAType'
2025-03-11 14:23:11,432 - INFO: Loaded 92 ticker metrics
2025-03-11 14:23:12,700 - INFO: Visualizations generated successfully
2025-03-11 14:23:31,724 - INFO: Advanced financial analysis generated successfully
2025-03-11 15:15:44,112 - INFO: Loaded 92 ticker metrics
2025-03-11 15:15:45,319 - INFO: Visualizations generated successfully
2025-03-11 15:15:45,332 - ERROR: Error in advanced financial analysis: Column 'Price Volatility' has dtype object, cannot use method 'nlargest' with this dtype
2025-03-11 15:15:45,335 - ERROR: Traceback (most recent call last):
  File "advanced_financial_analysis.py", line 283, in generate_advanced_analysis
    "Highest Volatility Stocks": self.df.nlargest(5, 'Price Volatility')[['Ticker', 'Price Volatility', 'Stock Type']].to_dict(orient='records')
  File "/Users/willolson/Development/.venv/lib/python3.8/site-packages/pandas/core/frame.py", line 7203, in nlargest
    return selectn.SelectNFrame(self, n=n, keep=keep, columns=columns).nlargest()
  File "/Users/willolson/Development/.venv/lib/python3.8/site-packages/pandas/core/methods/selectn.py", line 54, in nlargest
    return self.compute("nlargest")
  File "/Users/willolson/Development/.venv/lib/python3.8/site-packages/pandas/core/methods/selectn.py", line 194, in compute
    raise TypeError(
TypeError: Column 'Price Volatility' has dtype object, cannot use method 'nlargest' with this dtype

2025-03-11 15:24:10,580 - INFO: Loaded 92 ticker metrics
2025-03-11 15:24:11,789 - INFO: Visualizations generated successfully
2025-03-11 15:24:11,804 - ERROR: Error in advanced financial analysis: Object of type int64 is not JSON serializable
2025-03-11 15:24:11,806 - ERROR: Traceback (most recent call last):
  File "advanced_financial_analysis.py", line 306, in generate_advanced_analysis
    {json.dumps(analysis_data, indent=2)}
  File "/Users/willolson/.pyenv/versions/3.8.13/lib/python3.8/json/__init__.py", line 234, in dumps
    return cls(
  File "/Users/willolson/.pyenv/versions/3.8.13/lib/python3.8/json/encoder.py", line 201, in encode
    chunks = list(chunks)
  File "/Users/willolson/.pyenv/versions/3.8.13/lib/python3.8/json/encoder.py", line 431, in _iterencode
    yield from _iterencode_dict(o, _current_indent_level)
  File "/Users/willolson/.pyenv/versions/3.8.13/lib/python3.8/json/encoder.py", line 405, in _iterencode_dict
    yield from chunks
  File "/Users/willolson/.pyenv/versions/3.8.13/lib/python3.8/json/encoder.py", line 405, in _iterencode_dict
    yield from chunks
  File "/Users/willolson/.pyenv/versions/3.8.13/lib/python3.8/json/encoder.py", line 405, in _iterencode_dict
    yield from chunks
  File "/Users/willolson/.pyenv/versions/3.8.13/lib/python3.8/json/encoder.py", line 438, in _iterencode
    o = _default(o)
  File "/Users/willolson/.pyenv/versions/3.8.13/lib/python3.8/json/encoder.py", line 179, in default
    raise TypeError(f'Object of type {o.__class__.__name__} '
TypeError: Object of type int64 is not JSON serializable

2025-03-11 15:27:53,219 - INFO: Loaded 92 ticker metrics
2025-03-11 15:27:54,424 - INFO: Visualizations generated successfully
2025-03-11 15:28:14,378 - INFO: Advanced financial analysis generated successfully
2025-03-11 15:54:42,049 - INFO: Loaded 92 ticker metrics
2025-03-11 15:54:43,286 - INFO: Visualizations generated successfully
2025-03-11 15:54:43,290 - ERROR: Error in advanced financial analysis: name 'json_serializable' is not defined
2025-03-11 15:54:43,290 - ERROR: Traceback (most recent call last):
  File "advanced_financial_analysis.py", line 299, in generate_advanced_analysis
    {json.dumps(analysis_data, indent=2, default=json_serializable)}
NameError: name 'json_serializable' is not defined

2025-03-11 16:11:41,963 - INFO: Loaded 92 ticker metrics
2025-03-11 16:11:43,139 - INFO: Visualizations generated successfully
2025-03-11 16:12:05,830 - INFO: Advanced financial analysis generated successfully
2025-03-11 17:11:27,954 - INFO: Loaded 92 ticker metrics
2025-03-11 17:11:29,173 - INFO: Visualizations generated successfully
2025-03-11 17:11:49,051 - INFO: Advanced financial analysis generated successfully
2025-03-11 17:15:57,420 - INFO: Loaded 92 ticker metrics
2025-03-11 17:15:58,581 - INFO: Visualizations generated successfully
2025-03-11 17:16:19,727 - INFO: Advanced financial analysis generated successfully
2025-03-11 17:34:46,407 - INFO: Loaded 92 ticker metrics
2025-03-11 17:34:47,597 - INFO: Visualizations generated successfully
2025-03-11 17:35:11,034 - INFO: Advanced financial analysis generated successfully
