2025-03-10 19:29:16,891 - INFO: Loaded 92 ticker metrics
2025-03-10 19:29:16,892 - WARNING: Metrics summary truncated due to length
2025-03-10 19:29:16,892 - WARNING: Metrics summary truncated due to length
2025-03-10 19:29:16,892 - WARNING: Metrics summary truncated due to length
2025-03-10 19:29:16,892 - WARNING: Metrics summary truncated due to length
2025-03-10 19:29:16,892 - WARNING: Metrics summary truncated due to length
2025-03-10 19:29:16,892 - WARNING: Metrics summary truncated due to length
2025-03-10 19:29:16,892 - WARNING: Metrics summary truncated due to length
2025-03-10 19:29:16,892 - WARNING: Metrics summary truncated due to length
2025-03-10 19:29:16,892 - WARNING: Metrics summary truncated due to length
2025-03-10 19:29:16,892 - WARNING: Metrics summary truncated due to length
2025-03-10 19:29:16,892 - WARNING: Metrics summary truncated due to length
2025-03-10 19:29:16,892 - WARNING: Metrics summary truncated due to length
2025-03-10 19:29:16,892 - WARNING: Metrics summary truncated due to length
2025-03-10 19:29:16,892 - WARNING: Metrics summary truncated due to length
2025-03-10 19:29:16,892 - WARNING: Metrics summary truncated due to length
2025-03-10 19:29:16,892 - WARNING: Metrics summary truncated due to length
2025-03-10 19:29:16,892 - WARNING: Metrics summary truncated due to length
2025-03-10 19:29:16,892 - WARNING: Metrics summary truncated due to length
2025-03-10 19:29:16,892 - WARNING: Metrics summary truncated due to length
2025-03-10 19:29:16,893 - WARNING: Metrics summary truncated due to length
2025-03-10 19:29:16,893 - WARNING: Metrics summary truncated due to length
2025-03-10 19:29:16,893 - WARNING: Metrics summary truncated due to length
2025-03-10 19:29:16,893 - WARNING: Metrics summary truncated due to length
2025-03-10 19:29:16,893 - WARNING: Metrics summary truncated due to length
2025-03-10 19:29:16,893 - WARNING: Metrics summary truncated due to length
2025-03-10 19:29:16,893 - WARNING: Metrics summary truncated due to length
2025-03-10 19:29:16,893 - WARNING: Metrics summary truncated due to length
2025-03-10 19:29:16,893 - WARNING: Metrics summary truncated due to length
2025-03-10 19:29:16,893 - WARNING: Metrics summary truncated due to length
2025-03-10 19:29:16,893 - WARNING: Metrics summary truncated due to length
2025-03-10 19:29:16,893 - WARNING: Metrics summary truncated due to length
2025-03-10 19:29:16,893 - WARNING: Metrics summary truncated due to length
2025-03-10 19:29:16,893 - WARNING: Metrics summary truncated due to length
2025-03-10 19:29:16,893 - WARNING: Metrics summary truncated due to length
2025-03-10 19:29:16,893 - WARNING: Metrics summary truncated due to length
2025-03-10 19:29:16,893 - WARNING: Metrics summary truncated due to length
2025-03-10 19:29:16,893 - WARNING: Metrics summary truncated due to length
2025-03-10 19:29:16,893 - WARNING: Metrics summary truncated due to length
2025-03-10 19:29:16,893 - WARNING: Metrics summary truncated due to length
2025-03-10 19:29:16,893 - WARNING: Metrics summary truncated due to length
2025-03-10 19:29:16,893 - WARNING: Metrics summary truncated due to length
2025-03-10 19:29:16,893 - WARNING: Metrics summary truncated due to length
2025-03-10 19:29:16,893 - WARNING: Metrics summary truncated due to length
2025-03-10 19:29:16,893 - WARNING: Metrics summary truncated due to length
2025-03-10 19:29:16,893 - WARNING: Metrics summary truncated due to length
2025-03-10 19:29:16,893 - WARNING: Metrics summary truncated due to length
2025-03-10 19:29:16,893 - WARNING: Metrics summary truncated due to length
2025-03-10 19:29:16,893 - WARNING: Metrics summary truncated due to length
2025-03-10 19:29:16,893 - WARNING: Metrics summary truncated due to length
2025-03-10 19:29:16,893 - WARNING: Metrics summary truncated due to length
2025-03-10 19:29:16,893 - WARNING: Metrics summary truncated due to length
2025-03-10 19:29:16,893 - WARNING: Metrics summary truncated due to length
2025-03-10 19:29:16,893 - WARNING: Metrics summary truncated due to length
2025-03-10 19:29:16,893 - WARNING: Metrics summary truncated due to length
2025-03-10 19:29:16,893 - WARNING: Metrics summary truncated due to length
2025-03-10 19:29:16,893 - WARNING: Metrics summary truncated due to length
2025-03-10 19:29:16,893 - WARNING: Metrics summary truncated due to length
2025-03-10 19:29:16,893 - WARNING: Metrics summary truncated due to length
2025-03-10 19:29:16,893 - WARNING: Metrics summary truncated due to length
2025-03-10 19:29:16,893 - WARNING: Metrics summary truncated due to length
2025-03-10 19:29:16,893 - WARNING: Metrics summary truncated due to length
2025-03-10 19:29:16,893 - WARNING: Metrics summary truncated due to length
2025-03-10 19:29:16,893 - WARNING: Metrics summary truncated due to length
2025-03-10 19:29:16,893 - WARNING: Metrics summary truncated due to length
2025-03-10 19:29:16,893 - INFO: Attempting to generate performance_ranking financial insights
2025-03-10 19:29:23,534 - INFO: Successfully generated performance_ranking insights
2025-03-11 18:56:57,684 - INFO: Loaded 229 ticker metrics
2025-03-11 18:56:57,684 - WARNING: Metrics summary truncated due to length
2025-03-11 18:56:57,685 - WARNING: Metrics summary truncated due to length
2025-03-11 18:56:57,685 - WARNING: Metrics summary truncated due to length
2025-03-11 18:56:57,685 - WARNING: Metrics summary truncated due to length
2025-03-11 18:56:57,685 - WARNING: Metrics summary truncated due to length
2025-03-11 18:56:57,685 - WARNING: Metrics summary truncated due to length
2025-03-11 18:56:57,685 - WARNING: Metrics summary truncated due to length
2025-03-11 18:56:57,685 - WARNING: Metrics summary truncated due to length
2025-03-11 18:56:57,685 - WARNING: Metrics summary truncated due to length
2025-03-11 18:56:57,685 - WARNING: Metrics summary truncated due to length
2025-03-11 18:56:57,685 - WARNING: Metrics summary truncated due to length
2025-03-11 18:56:57,685 - WARNING: Metrics summary truncated due to length
2025-03-11 18:56:57,685 - WARNING: Metrics summary truncated due to length
2025-03-11 18:56:57,685 - WARNING: Metrics summary truncated due to length
2025-03-11 18:56:57,685 - WARNING: Metrics summary truncated due to length
2025-03-11 18:56:57,685 - WARNING: Metrics summary truncated due to length
2025-03-11 18:56:57,685 - WARNING: Metrics summary truncated due to length
2025-03-11 18:56:57,685 - WARNING: Metrics summary truncated due to length
2025-03-11 18:56:57,685 - WARNING: Metrics summary truncated due to length
2025-03-11 18:56:57,685 - WARNING: Metrics summary truncated due to length
2025-03-11 18:56:57,685 - WARNING: Metrics summary truncated due to length
2025-03-11 18:56:57,685 - WARNING: Metrics summary truncated due to length
2025-03-11 18:56:57,685 - WARNING: Metrics summary truncated due to length
2025-03-11 18:56:57,685 - WARNING: Metrics summary truncated due to length
2025-03-11 18:56:57,685 - WARNING: Metrics summary truncated due to length
2025-03-11 18:56:57,685 - WARNING: Metrics summary truncated due to length
2025-03-11 18:56:57,685 - WARNING: Metrics summary truncated due to length
2025-03-11 18:56:57,686 - WARNING: Metrics summary truncated due to length
2025-03-11 18:56:57,686 - WARNING: Metrics summary truncated due to length
2025-03-11 18:56:57,686 - WARNING: Metrics summary truncated due to length
2025-03-11 18:56:57,686 - WARNING: Metrics summary truncated due to length
2025-03-11 18:56:57,686 - WARNING: Metrics summary truncated due to length
2025-03-11 18:56:57,686 - WARNING: Metrics summary truncated due to length
2025-03-11 18:56:57,686 - WARNING: Metrics summary truncated due to length
2025-03-11 18:56:57,686 - WARNING: Metrics summary truncated due to length
2025-03-11 18:56:57,686 - WARNING: Metrics summary truncated due to length
2025-03-11 18:56:57,686 - WARNING: Metrics summary truncated due to length
2025-03-11 18:56:57,686 - WARNING: Metrics summary truncated due to length
2025-03-11 18:56:57,686 - WARNING: Metrics summary truncated due to length
2025-03-11 18:56:57,686 - WARNING: Metrics summary truncated due to length
2025-03-11 18:56:57,686 - WARNING: Metrics summary truncated due to length
2025-03-11 18:56:57,686 - WARNING: Metrics summary truncated due to length
2025-03-11 18:56:57,686 - WARNING: Metrics summary truncated due to length
2025-03-11 18:56:57,686 - WARNING: Metrics summary truncated due to length
2025-03-11 18:56:57,686 - WARNING: Metrics summary truncated due to length
2025-03-11 18:56:57,686 - WARNING: Metrics summary truncated due to length
2025-03-11 18:56:57,686 - WARNING: Metrics summary truncated due to length
2025-03-11 18:56:57,686 - WARNING: Metrics summary truncated due to length
2025-03-11 18:56:57,686 - WARNING: Metrics summary truncated due to length
2025-03-11 18:56:57,686 - WARNING: Metrics summary truncated due to length
2025-03-11 18:56:57,686 - WARNING: Metrics summary truncated due to length
2025-03-11 18:56:57,686 - WARNING: Metrics summary truncated due to length
2025-03-11 18:56:57,686 - WARNING: Metrics summary truncated due to length
2025-03-11 18:56:57,686 - WARNING: Metrics summary truncated due to length
2025-03-11 18:56:57,686 - WARNING: Metrics summary truncated due to length
2025-03-11 18:56:57,686 - WARNING: Metrics summary truncated due to length
2025-03-11 18:56:57,686 - WARNING: Metrics summary truncated due to length
2025-03-11 18:56:57,686 - WARNING: Metrics summary truncated due to length
2025-03-11 18:56:57,686 - WARNING: Metrics summary truncated due to length
2025-03-11 18:56:57,686 - WARNING: Metrics summary truncated due to length
2025-03-11 18:56:57,687 - WARNING: Metrics summary truncated due to length
2025-03-11 18:56:57,687 - WARNING: Metrics summary truncated due to length
2025-03-11 18:56:57,687 - WARNING: Metrics summary truncated due to length
2025-03-11 18:56:57,687 - WARNING: Metrics summary truncated due to length
2025-03-11 18:56:57,687 - WARNING: Metrics summary truncated due to length
2025-03-11 18:56:57,687 - WARNING: Metrics summary truncated due to length
2025-03-11 18:56:57,687 - WARNING: Metrics summary truncated due to length
2025-03-11 18:56:57,687 - WARNING: Metrics summary truncated due to length
2025-03-11 18:56:57,687 - WARNING: Metrics summary truncated due to length
2025-03-11 18:56:57,687 - WARNING: Metrics summary truncated due to length
2025-03-11 18:56:57,687 - WARNING: Metrics summary truncated due to length
2025-03-11 18:56:57,687 - WARNING: Metrics summary truncated due to length
2025-03-11 18:56:57,687 - WARNING: Metrics summary truncated due to length
2025-03-11 18:56:57,687 - WARNING: Metrics summary truncated due to length
2025-03-11 18:56:57,687 - WARNING: Metrics summary truncated due to length
2025-03-11 18:56:57,687 - WARNING: Metrics summary truncated due to length
2025-03-11 18:56:57,687 - WARNING: Metrics summary truncated due to length
2025-03-11 18:56:57,687 - WARNING: Metrics summary truncated due to length
2025-03-11 18:56:57,687 - WARNING: Metrics summary truncated due to length
2025-03-11 18:56:57,687 - WARNING: Metrics summary truncated due to length
2025-03-11 18:56:57,687 - WARNING: Metrics summary truncated due to length
2025-03-11 18:56:57,687 - WARNING: Metrics summary truncated due to length
2025-03-11 18:56:57,687 - WARNING: Metrics summary truncated due to length
2025-03-11 18:56:57,687 - WARNING: Metrics summary truncated due to length
2025-03-11 18:56:57,687 - WARNING: Metrics summary truncated due to length
2025-03-11 18:56:57,687 - WARNING: Metrics summary truncated due to length
2025-03-11 18:56:57,687 - WARNING: Metrics summary truncated due to length
2025-03-11 18:56:57,687 - WARNING: Metrics summary truncated due to length
2025-03-11 18:56:57,687 - WARNING: Metrics summary truncated due to length
2025-03-11 18:56:57,687 - WARNING: Metrics summary truncated due to length
2025-03-11 18:56:57,687 - WARNING: Metrics summary truncated due to length
2025-03-11 18:56:57,687 - WARNING: Metrics summary truncated due to length
2025-03-11 18:56:57,687 - WARNING: Metrics summary truncated due to length
2025-03-11 18:56:57,687 - WARNING: Metrics summary truncated due to length
2025-03-11 18:56:57,687 - WARNING: Metrics summary truncated due to length
2025-03-11 18:56:57,687 - WARNING: Metrics summary truncated due to length
2025-03-11 18:56:57,687 - WARNING: Metrics summary truncated due to length
2025-03-11 18:56:57,687 - WARNING: Metrics summary truncated due to length
2025-03-11 18:56:57,687 - WARNING: Metrics summary truncated due to length
2025-03-11 18:56:57,688 - WARNING: Metrics summary truncated due to length
2025-03-11 18:56:57,688 - WARNING: Metrics summary truncated due to length
2025-03-11 18:56:57,688 - WARNING: Metrics summary truncated due to length
2025-03-11 18:56:57,688 - WARNING: Metrics summary truncated due to length
2025-03-11 18:56:57,688 - WARNING: Metrics summary truncated due to length
2025-03-11 18:56:57,688 - WARNING: Metrics summary truncated due to length
2025-03-11 18:56:57,688 - WARNING: Metrics summary truncated due to length
2025-03-11 18:56:57,688 - WARNING: Metrics summary truncated due to length
2025-03-11 18:56:57,688 - WARNING: Metrics summary truncated due to length
2025-03-11 18:56:57,688 - WARNING: Metrics summary truncated due to length
2025-03-11 18:56:57,688 - WARNING: Metrics summary truncated due to length
2025-03-11 18:56:57,688 - WARNING: Metrics summary truncated due to length
2025-03-11 18:56:57,688 - WARNING: Metrics summary truncated due to length
2025-03-11 18:56:57,688 - WARNING: Metrics summary truncated due to length
2025-03-11 18:56:57,688 - WARNING: Metrics summary truncated due to length
2025-03-11 18:56:57,688 - WARNING: Metrics summary truncated due to length
2025-03-11 18:56:57,688 - WARNING: Metrics summary truncated due to length
2025-03-11 18:56:57,688 - WARNING: Metrics summary truncated due to length
2025-03-11 18:56:57,688 - WARNING: Metrics summary truncated due to length
2025-03-11 18:56:57,688 - WARNING: Metrics summary truncated due to length
2025-03-11 18:56:57,688 - WARNING: Metrics summary truncated due to length
2025-03-11 18:56:57,688 - WARNING: Metrics summary truncated due to length
2025-03-11 18:56:57,688 - WARNING: Metrics summary truncated due to length
2025-03-11 18:56:57,688 - WARNING: Metrics summary truncated due to length
2025-03-11 18:56:57,688 - WARNING: Metrics summary truncated due to length
2025-03-11 18:56:57,688 - WARNING: Metrics summary truncated due to length
2025-03-11 18:56:57,688 - WARNING: Metrics summary truncated due to length
2025-03-11 18:56:57,688 - WARNING: Metrics summary truncated due to length
2025-03-11 18:56:57,688 - WARNING: Metrics summary truncated due to length
2025-03-11 18:56:57,688 - WARNING: Metrics summary truncated due to length
2025-03-11 18:56:57,688 - WARNING: Metrics summary truncated due to length
2025-03-11 18:56:57,688 - WARNING: Metrics summary truncated due to length
2025-03-11 18:56:57,689 - WARNING: Metrics summary truncated due to length
2025-03-11 18:56:57,689 - WARNING: Metrics summary truncated due to length
2025-03-11 18:56:57,689 - WARNING: Metrics summary truncated due to length
2025-03-11 18:56:57,689 - WARNING: Metrics summary truncated due to length
2025-03-11 18:56:57,689 - WARNING: Metrics summary truncated due to length
2025-03-11 18:56:57,689 - WARNING: Metrics summary truncated due to length
2025-03-11 18:56:57,689 - WARNING: Metrics summary truncated due to length
2025-03-11 18:56:57,689 - WARNING: Metrics summary truncated due to length
2025-03-11 18:56:57,689 - WARNING: Metrics summary truncated due to length
2025-03-11 18:56:57,689 - WARNING: Metrics summary truncated due to length
2025-03-11 18:56:57,689 - WARNING: Metrics summary truncated due to length
2025-03-11 18:56:57,689 - WARNING: Metrics summary truncated due to length
2025-03-11 18:56:57,689 - WARNING: Metrics summary truncated due to length
2025-03-11 18:56:57,689 - WARNING: Metrics summary truncated due to length
2025-03-11 18:56:57,689 - WARNING: Metrics summary truncated due to length
2025-03-11 18:56:57,689 - WARNING: Metrics summary truncated due to length
2025-03-11 18:56:57,689 - WARNING: Metrics summary truncated due to length
2025-03-11 18:56:57,689 - WARNING: Metrics summary truncated due to length
2025-03-11 18:56:57,689 - WARNING: Metrics summary truncated due to length
2025-03-11 18:56:57,689 - WARNING: Metrics summary truncated due to length
2025-03-11 18:56:57,689 - WARNING: Metrics summary truncated due to length
2025-03-11 18:56:57,689 - WARNING: Metrics summary truncated due to length
2025-03-11 18:56:57,689 - WARNING: Metrics summary truncated due to length
2025-03-11 18:56:57,689 - WARNING: Metrics summary truncated due to length
2025-03-11 18:56:57,689 - WARNING: Metrics summary truncated due to length
2025-03-11 18:56:57,689 - WARNING: Metrics summary truncated due to length
2025-03-11 18:56:57,689 - WARNING: Metrics summary truncated due to length
2025-03-11 18:56:57,689 - WARNING: Metrics summary truncated due to length
2025-03-11 18:56:57,689 - WARNING: Metrics summary truncated due to length
2025-03-11 18:56:57,689 - WARNING: Metrics summary truncated due to length
2025-03-11 18:56:57,689 - WARNING: Metrics summary truncated due to length
2025-03-11 18:56:57,689 - WARNING: Metrics summary truncated due to length
2025-03-11 18:56:57,690 - WARNING: Metrics summary truncated due to length
2025-03-11 18:56:57,690 - WARNING: Metrics summary truncated due to length
2025-03-11 18:56:57,690 - WARNING: Metrics summary truncated due to length
2025-03-11 18:56:57,690 - WARNING: Metrics summary truncated due to length
2025-03-11 18:56:57,690 - WARNING: Metrics summary truncated due to length
2025-03-11 18:56:57,690 - WARNING: Metrics summary truncated due to length
2025-03-11 18:56:57,690 - WARNING: Metrics summary truncated due to length
2025-03-11 18:56:57,690 - WARNING: Metrics summary truncated due to length
2025-03-11 18:56:57,690 - WARNING: Metrics summary truncated due to length
2025-03-11 18:56:57,690 - WARNING: Metrics summary truncated due to length
2025-03-11 18:56:57,690 - WARNING: Metrics summary truncated due to length
2025-03-11 18:56:57,690 - WARNING: Metrics summary truncated due to length
2025-03-11 18:56:57,690 - WARNING: Metrics summary truncated due to length
2025-03-11 18:56:57,690 - WARNING: Metrics summary truncated due to length
2025-03-11 18:56:57,690 - WARNING: Metrics summary truncated due to length
2025-03-11 18:56:57,690 - WARNING: Metrics summary truncated due to length
2025-03-11 18:56:57,690 - WARNING: Metrics summary truncated due to length
2025-03-11 18:56:57,690 - WARNING: Metrics summary truncated due to length
2025-03-11 18:56:57,690 - WARNING: Metrics summary truncated due to length
2025-03-11 18:56:57,690 - WARNING: Metrics summary truncated due to length
2025-03-11 18:56:57,690 - WARNING: Metrics summary truncated due to length
2025-03-11 18:56:57,690 - WARNING: Metrics summary truncated due to length
2025-03-11 18:56:57,690 - WARNING: Metrics summary truncated due to length
2025-03-11 18:56:57,690 - WARNING: Metrics summary truncated due to length
2025-03-11 18:56:57,690 - WARNING: Metrics summary truncated due to length
2025-03-11 18:56:57,690 - WARNING: Metrics summary truncated due to length
2025-03-11 18:56:57,691 - WARNING: Metrics summary truncated due to length
2025-03-11 18:56:57,691 - WARNING: Metrics summary truncated due to length
2025-03-11 18:56:57,691 - WARNING: Metrics summary truncated due to length
2025-03-11 18:56:57,691 - WARNING: Metrics summary truncated due to length
2025-03-11 18:56:57,691 - WARNING: Metrics summary truncated due to length
2025-03-11 18:56:57,691 - WARNING: Metrics summary truncated due to length
2025-03-11 18:56:57,691 - WARNING: Metrics summary truncated due to length
2025-03-11 18:56:57,691 - WARNING: Metrics summary truncated due to length
2025-03-11 18:56:57,691 - WARNING: Metrics summary truncated due to length
2025-03-11 18:56:57,691 - WARNING: Metrics summary truncated due to length
2025-03-11 18:56:57,691 - WARNING: Metrics summary truncated due to length
2025-03-11 18:56:57,691 - WARNING: Metrics summary truncated due to length
2025-03-11 18:56:57,691 - INFO: Attempting to generate performance_ranking financial insights
2025-03-11 18:57:07,001 - INFO: Successfully generated performance_ranking insights
2025-03-11 21:56:46,839 - ERROR: JSON Parsing Error: Expecting property name enclosed in double quotes: line 6626 column 1 (char 182911)
2025-03-11 21:56:46,845 - INFO: Attempting to generate performance_ranking financial insights
2025-03-11 21:56:56,842 - INFO: Successfully generated performance_ranking insights
